<?xml version="1.0" encoding="UTF-8"?>
<testsuite xmlns:xsi="http://www.w3.org/2001/XMLSchema-instance" xsi:schemaLocation="https://maven.apache.org/surefire/maven-surefire-plugin/xsd/surefire-test-report.xsd" name="StepsDefinitions.TestRunner" time="8.106" tests="6" errors="0" skipped="0" failures="0">
  <properties>
[...]
</properties>
  <testcase name="verify list of users" classname="Verify  GET operation using Rest-Assured" time="3.659"/>
  <testcase name="verify one fname of users" classname="Verify  GET operation using Rest-Assured" time="1.043"/>
  <testcase name="verify Query Parameters" classname="Verify  GET operation using Rest-Assured" time="0.184"/>
  <testcase name="verify Path Parameters" classname="Verify  GET operation using Rest-Assured" time="0.525"/>
  <testcase name="verify POST operation" classname="POST User" time="0.465"/>
  <testcase name="verify DELETE operation after POST" classname="Delete User" time="0.041"/>
</testsuite>